<?xml version="1.0" encoding="UTF-8"?>
<testng-results ignored="0" total="1" passed="1" failed="0" skipped="0">
  <reporter-output>
  </reporter-output>
  <suite started-at="2022-12-20T17:23:53 IST" name="Suite" finished-at="2022-12-20T17:23:55 IST" duration-ms="2146">
    <groups>
    </groups>
    <test started-at="2022-12-20T17:23:53 IST" name="Test" finished-at="2022-12-20T17:23:55 IST" duration-ms="2146">
      <class name="practice.sampleTest">
        <test-method is-config="true" signature="browserOpen()[pri:0, instance:practice.sampleTest@1fa268de]" started-at="2022-12-20T17:23:53 IST" name="browserOpen" finished-at="2022-12-20T17:23:55 IST" duration-ms="1927" status="PASS">
          <reporter-output>
          </reporter-output>
        </test-method> <!-- browserOpen -->
        <test-method signature="testing()[pri:0, instance:practice.sampleTest@1fa268de]" started-at="2022-12-20T17:23:55 IST" name="testing" finished-at="2022-12-20T17:23:55 IST" duration-ms="68" status="PASS">
          <reporter-output>
          </reporter-output>
        </test-method> <!-- testing -->
        <test-method is-config="true" signature="tearDown()[pri:0, instance:practice.sampleTest@1fa268de]" started-at="2022-12-20T17:23:55 IST" name="tearDown" finished-at="2022-12-20T17:23:55 IST" duration-ms="126" status="PASS">
          <reporter-output>
          </reporter-output>
        </test-method> <!-- tearDown -->
      </class> <!-- practice.sampleTest -->
    </test> <!-- Test -->
  </suite> <!-- Suite -->
</testng-results>
